2024-05-31 18:27:23,385 - INFO - Successfully logged in
2024-05-31 18:27:23,386 - INFO - Searching for B2259UKU
2024-05-31 18:27:54,095 - INFO - Failed for B2259UKU
2024-05-31 18:27:54,095 - INFO - Searching for B2446UKN
2024-05-31 18:28:37,637 - INFO - Successfully logged in
2024-05-31 18:28:37,638 - INFO - Searching for B 2259 UKU
2024-05-31 18:29:08,417 - INFO - Failed for B 2259 UKU
2024-05-31 18:29:08,418 - INFO - Searching for B 2446 UKN
2024-05-31 18:29:39,044 - INFO - Failed for B 2446 UKN
2024-05-31 18:29:39,045 - INFO - Searching for B 2686 UOB
2024-05-31 18:30:07,042 - INFO - Successfully logged in
2024-05-31 18:30:07,053 - INFO - Searching for B 2259 UKU
2024-05-31 18:30:34,112 - INFO - Failed for B 2259 UKU
2024-05-31 18:30:34,113 - INFO - Searching for B 2446 UKN
2024-05-31 18:30:34,121 - INFO - Failed for B 2446 UKN
2024-05-31 18:30:34,122 - INFO - Searching for B 2686 UOB
2024-05-31 18:30:34,129 - INFO - Failed for B 2686 UOB
2024-05-31 18:30:34,129 - INFO - Searching for B 1170 CZE
2024-05-31 18:30:34,135 - INFO - Failed for B 1170 CZE
2024-05-31 18:30:34,136 - INFO - Searching for B 2607 P0B
2024-05-31 18:30:34,143 - INFO - Failed for B 2607 P0B
2024-05-31 18:30:34,143 - INFO - Searching for B 2208 PKO
2024-05-31 18:30:34,150 - INFO - Failed for B 2208 PKO
2024-05-31 18:30:34,150 - INFO - Searching for B 1559 PIJ
2024-05-31 18:30:34,158 - INFO - Failed for B 1559 PIJ
2024-05-31 18:30:34,158 - INFO - Searching for B 2620 UOB
2024-05-31 18:30:34,166 - INFO - Failed for B 2620 UOB
2024-05-31 18:30:34,167 - INFO - Searching for B 2439 UKV
2024-05-31 18:30:34,173 - INFO - Failed for B 2439 UKV
2024-05-31 18:30:34,173 - INFO - Searching for B 1157 PJU
2024-05-31 18:30:34,180 - INFO - Failed for B 1157 PJU
2024-05-31 18:30:34,180 - INFO - Searching for B 2459 UKV
2024-05-31 18:30:34,186 - INFO - Failed for B 2459 UKV
2024-05-31 18:30:34,186 - INFO - Searching for B 2635 UOB
2024-05-31 18:30:34,199 - INFO - Failed for B 2635 UOB
2024-05-31 18:30:34,199 - INFO - Searching for B 1172 CZE
2024-05-31 18:30:34,208 - INFO - Failed for B 1172 CZE
2024-05-31 18:30:34,208 - INFO - Searching for B 2624 UOB
2024-05-31 18:30:34,216 - INFO - Failed for B 2624 UOB
2024-05-31 18:30:34,216 - INFO - Searching for B 1059 CZF
2024-05-31 18:30:34,224 - INFO - Failed for B 1059 CZF
2024-05-31 18:30:34,225 - INFO - Searching for B 2923 UKU
2024-05-31 18:30:34,235 - INFO - Failed for B 2923 UKU
2024-05-31 18:30:34,235 - INFO - Searching for B 2031 UKU
2024-05-31 18:30:34,242 - INFO - Failed for B 2031 UKU
2024-05-31 18:30:34,242 - INFO - Searching for B 2217 UKV
2024-05-31 18:30:34,249 - INFO - Failed for B 2217 UKV
2024-05-31 18:30:34,249 - INFO - Searching for B 1073 CZF
2024-05-31 18:30:34,256 - INFO - Failed for B 1073 CZF
2024-05-31 18:30:34,257 - INFO - Searching for B 1435 PAK
2024-05-31 18:30:34,262 - INFO - Failed for B 1435 PAK
2024-05-31 18:30:34,263 - INFO - Searching for B 2729 PKU
2024-05-31 18:30:34,271 - INFO - Failed for B 2729 PKU
2024-05-31 18:30:34,271 - INFO - Searching for B 2990 PFK
2024-05-31 18:30:34,278 - INFO - Failed for B 2990 PFK
2024-05-31 18:30:34,278 - INFO - Searching for B 2376 POQ
2024-05-31 18:30:34,286 - INFO - Failed for B 2376 POQ
2024-05-31 18:30:34,286 - INFO - Searching for B 1413 PJT
2024-05-31 18:30:34,292 - INFO - Failed for B 1413 PJT
2024-05-31 18:30:34,292 - INFO - Searching for B 1788 USY
2024-05-31 18:30:34,297 - INFO - Failed for B 1788 USY
2024-05-31 18:30:34,297 - INFO - Searching for B 2505 PKM
2024-05-31 18:30:34,305 - INFO - Failed for B 2505 PKM
2024-05-31 18:30:34,305 - INFO - Searching for B 1316 PJN
2024-05-31 18:30:34,312 - INFO - Failed for B 1316 PJN
2024-05-31 18:30:34,312 - INFO - Searching for B 2094 PPW
2024-05-31 18:30:34,319 - INFO - Failed for B 2094 PPW
2024-05-31 18:30:34,319 - INFO - Searching for B 2383 PKW
2024-05-31 18:30:34,327 - INFO - Failed for B 2383 PKW
2024-05-31 18:30:34,327 - INFO - Searching for B 2785 PKU
2024-05-31 18:30:34,334 - INFO - Failed for B 2785 PKU
2024-05-31 18:30:34,334 - INFO - Searching for B 1544 PJK
2024-05-31 18:30:34,343 - INFO - Failed for B 1544 PJK
2024-05-31 18:30:34,344 - INFO - Searching for B 2817 PKY
2024-05-31 18:30:34,355 - INFO - Failed for B 2817 PKY
2024-05-31 18:30:34,355 - INFO - Searching for B 2713 PKF
2024-05-31 18:30:34,362 - INFO - Failed for B 2713 PKF
2024-05-31 18:30:34,362 - INFO - Searching for B 2839PFZ
2024-05-31 18:30:34,369 - INFO - Failed for B 2839PFZ
2024-05-31 18:30:34,369 - INFO - Searching for B 1606 PRL
2024-05-31 18:30:34,376 - INFO - Failed for B 1606 PRL
2024-05-31 18:30:34,376 - INFO - Searching for B 2551 PFG
2024-05-31 18:30:34,387 - INFO - Failed for B 2551 PFG
2024-05-31 18:30:34,387 - INFO - Searching for B 2154 PKX
2024-05-31 18:30:34,396 - INFO - Failed for B 2154 PKX
2024-05-31 18:30:34,396 - INFO - Searching for B 2996 PFK
2024-05-31 18:30:34,406 - INFO - Failed for B 2996 PFK
2024-05-31 18:30:34,406 - INFO - Searching for B 1148 JA
2024-05-31 18:30:34,413 - INFO - Failed for B 1148 JA
2024-05-31 18:30:34,414 - INFO - Searching for B 1307 JFR
2024-05-31 18:30:34,421 - INFO - Failed for B 1307 JFR
2024-05-31 18:30:34,421 - INFO - Searching for B 2996 UIL
2024-05-31 18:30:34,428 - INFO - Failed for B 2996 UIL
2024-05-31 18:30:34,429 - INFO - Searching for B 2977 PFZ
2024-05-31 18:30:34,436 - INFO - Failed for B 2977 PFZ
2024-05-31 18:30:34,436 - INFO - Searching for B 1503 PRI
2024-05-31 18:30:34,443 - INFO - Failed for B 1503 PRI
2024-05-31 18:30:34,444 - INFO - Searching for B 2181 POA
2024-05-31 18:30:34,451 - INFO - Failed for B 2181 POA
2024-05-31 18:30:34,451 - INFO - Searching for B 2072 TYP
2024-05-31 18:30:34,459 - INFO - Failed for B 2072 TYP
2024-05-31 18:30:34,459 - INFO - Searching for B 2412 SXQ
2024-05-31 18:30:34,468 - INFO - Failed for B 2412 SXQ
2024-05-31 18:30:34,468 - INFO - Searching for B 2293 PKW
2024-05-31 18:30:34,475 - INFO - Failed for B 2293 PKW
2024-05-31 18:30:34,475 - INFO - Searching for B 1461 JFA
2024-05-31 18:30:34,482 - INFO - Failed for B 1461 JFA
2024-05-31 18:30:34,483 - INFO - Searching for B 2431 UZS
2024-05-31 18:30:34,490 - INFO - Failed for B 2431 UZS
2024-05-31 18:30:34,490 - INFO - Searching for B 1236 KZW
2024-05-31 18:30:34,497 - INFO - Failed for B 1236 KZW
2024-05-31 18:30:34,498 - INFO - Searching for B 2291 UZR
2024-05-31 18:30:34,504 - INFO - Failed for B 2291 UZR
2024-05-31 18:30:34,505 - INFO - Searching for B 1236 JFF
2024-05-31 18:30:34,512 - INFO - Failed for B 1236 JFF
2024-05-31 18:30:34,512 - INFO - Searching for B 805 FBI
2024-05-31 18:30:34,520 - INFO - Failed for B 805 FBI
2024-05-31 18:30:34,520 - INFO - Searching for B 1994 WZE
2024-05-31 18:30:34,528 - INFO - Failed for B 1994 WZE
2024-05-31 18:30:34,528 - INFO - Searching for B 2097 SXO
2024-05-31 18:30:34,536 - INFO - Failed for B 2097 SXO
2024-05-31 18:30:34,536 - INFO - Searching for B 1690 WOQ
2024-05-31 18:30:34,544 - INFO - Failed for B 1690 WOQ
2024-05-31 18:30:34,544 - INFO - Searching for B 747 UKW
2024-05-31 18:30:34,551 - INFO - Failed for B 747 UKW
2024-05-31 18:30:34,552 - INFO - Searching for B 1401 UZZ
2024-05-31 18:30:34,559 - INFO - Failed for B 1401 UZZ
2024-05-31 18:30:34,559 - INFO - Searching for B 1445 BYU
2024-05-31 18:30:34,568 - INFO - Failed for B 1445 BYU
2024-05-31 18:30:34,568 - INFO - Searching for B 1672 NKV
2024-05-31 18:30:34,575 - INFO - Failed for B 1672 NKV
2024-05-31 18:30:34,576 - INFO - Searching for B 2330 BFT
2024-05-31 18:30:34,583 - INFO - Failed for B 2330 BFT
2024-05-31 18:30:34,583 - INFO - Searching for B 2761 PBH
2024-05-31 18:30:34,591 - INFO - Failed for B 2761 PBH
2024-05-31 18:30:34,591 - INFO - Searching for B 1808 UYV
2024-05-31 18:30:34,598 - INFO - Failed for B 1808 UYV
2024-05-31 18:30:34,598 - INFO - Searching for B 2943 SFH
2024-05-31 18:30:34,605 - INFO - Failed for B 2943 SFH
2024-05-31 18:30:34,606 - INFO - Searching for B 2403 UBQ
2024-05-31 18:30:34,613 - INFO - Failed for B 2403 UBQ
2024-05-31 18:30:34,613 - INFO - Searching for B 708 GYN
2024-05-31 18:30:34,621 - INFO - Failed for B 708 GYN
2024-05-31 18:30:34,621 - INFO - Searching for B 1914 ULP
2024-05-31 18:30:34,628 - INFO - Failed for B 1914 ULP
2024-05-31 18:30:34,629 - INFO - Searching for B 2190 BOT
2024-05-31 18:30:34,637 - INFO - Failed for B 2190 BOT
2024-05-31 18:30:34,637 - INFO - Searching for B 2688 UOB
2024-05-31 18:30:34,647 - INFO - Failed for B 2688 UOB
2024-05-31 18:30:34,647 - INFO - Searching for B 2403 UBQ
2024-05-31 18:30:34,656 - INFO - Failed for B 2403 UBQ
2024-05-31 18:30:34,656 - INFO - Searching for B 2808 DT
2024-05-31 18:30:34,663 - INFO - Failed for B 2808 DT
2024-05-31 18:30:34,664 - INFO - Searching for B 1354 SJB
2024-05-31 18:30:34,671 - INFO - Failed for B 1354 SJB
2024-05-31 18:30:34,671 - INFO - Searching for B 1483 VOV
2024-05-31 18:30:34,677 - INFO - Failed for B 1483 VOV
2024-05-31 18:30:34,678 - INFO - Searching for B 2190 BOT
2024-05-31 18:30:34,683 - INFO - Failed for B 2190 BOT
2024-05-31 18:30:34,684 - INFO - Searching for B 2047 BRT
2024-05-31 18:30:34,691 - INFO - Failed for B 2047 BRT
2024-05-31 18:30:34,692 - INFO - Searching for B 1830 UZB
2024-05-31 18:30:34,699 - INFO - Failed for B 1830 UZB
2024-05-31 18:30:34,700 - INFO - Searching for B 2259 KK
2024-05-31 18:30:34,707 - INFO - Failed for B 2259 KK
2024-05-31 18:30:34,707 - INFO - Searching for B 1289 SLP
2024-05-31 18:30:34,715 - INFO - Failed for B 1289 SLP
2024-05-31 18:30:34,715 - INFO - Searching for B 1108 BOO
2024-05-31 18:30:34,723 - INFO - Failed for B 1108 BOO
2024-05-31 18:30:34,723 - INFO - Searching for B 1699 UZC
2024-05-31 18:30:34,732 - INFO - Failed for B 1699 UZC
2024-05-31 18:30:34,733 - INFO - Searching for B 1198 UKB
2024-05-31 18:30:34,742 - INFO - Failed for B 1198 UKB
2024-05-31 18:30:34,743 - INFO - Searching for A 1395 YW
2024-05-31 18:30:34,750 - INFO - Failed for A 1395 YW
2024-05-31 18:30:34,750 - INFO - Searching for B 1276 UIA
2024-05-31 18:30:34,756 - INFO - Failed for B 1276 UIA
2024-05-31 18:30:34,756 - INFO - Searching for B 1484 BRW
2024-05-31 18:30:34,762 - INFO - Failed for B 1484 BRW
2024-05-31 18:30:34,762 - INFO - Searching for B 1269 PJI
2024-05-31 18:30:34,768 - INFO - Failed for B 1269 PJI
2024-05-31 18:30:34,768 - INFO - Searching for B 2492 UBJ
2024-05-31 18:30:34,776 - INFO - Failed for B 2492 UBJ
2024-05-31 18:30:34,776 - INFO - Searching for B 1074 UZP
2024-05-31 18:30:34,786 - INFO - Failed for B 1074 UZP
2024-05-31 18:30:34,786 - INFO - Searching for B 381 GBK
2024-05-31 18:30:34,791 - INFO - Failed for B 381 GBK
2024-05-31 18:30:34,792 - INFO - Searching for B 1405 BJU
2024-05-31 18:30:34,797 - INFO - Failed for B 1405 BJU
2024-06-01 13:38:27,564 - INFO - Successfully logged in
2024-06-01 13:38:27,564 - INFO - Searching for B 2259 UKU
2024-06-01 13:38:27,579 - INFO - Failed for B 2259 UKU
2024-06-01 13:38:27,580 - INFO - Searching for B 2446 UKN
2024-06-01 13:38:27,603 - INFO - Failed for B 2446 UKN
2024-06-01 13:38:27,604 - INFO - Searching for B 2686 UOB
2024-06-01 13:38:27,616 - INFO - Failed for B 2686 UOB
2024-06-01 13:38:27,619 - INFO - Searching for B 1170 CZE
2024-06-01 13:38:27,659 - INFO - Failed for B 1170 CZE
2024-06-01 13:38:27,660 - INFO - Searching for B 2607 P0B
2024-06-01 13:38:27,675 - INFO - Failed for B 2607 P0B
2024-06-01 13:38:27,676 - INFO - Searching for B 2208 PKO
2024-06-01 13:38:27,690 - INFO - Failed for B 2208 PKO
2024-06-01 13:38:27,692 - INFO - Searching for B 1559 PIJ
2024-06-01 13:38:27,702 - INFO - Failed for B 1559 PIJ
2024-06-01 13:38:27,703 - INFO - Searching for B 2620 UOB
2024-06-01 13:38:27,711 - INFO - Failed for B 2620 UOB
2024-06-01 13:38:27,712 - INFO - Searching for B 2439 UKV
2024-06-01 13:38:27,723 - INFO - Failed for B 2439 UKV
2024-06-01 13:38:27,723 - INFO - Searching for B 1157 PJU
2024-06-01 13:38:27,731 - INFO - Failed for B 1157 PJU
2024-06-01 13:38:27,733 - INFO - Searching for B 2459 UKV
2024-06-01 13:38:27,742 - INFO - Failed for B 2459 UKV
2024-06-01 13:38:27,742 - INFO - Searching for B 2635 UOB
2024-06-01 13:38:27,749 - INFO - Failed for B 2635 UOB
2024-06-01 13:38:27,750 - INFO - Searching for B 1172 CZE
2024-06-01 13:38:27,762 - INFO - Failed for B 1172 CZE
2024-06-01 13:38:27,762 - INFO - Searching for B 2624 UOB
2024-06-01 13:38:27,771 - INFO - Failed for B 2624 UOB
2024-06-01 13:38:27,771 - INFO - Searching for B 1059 CZF
2024-06-01 13:38:27,779 - INFO - Failed for B 1059 CZF
2024-06-01 13:38:27,780 - INFO - Searching for B 2923 UKU
2024-06-01 13:38:27,787 - INFO - Failed for B 2923 UKU
2024-06-01 13:38:27,788 - INFO - Searching for B 2031 UKU
2024-06-01 13:38:27,796 - INFO - Failed for B 2031 UKU
2024-06-01 13:38:27,796 - INFO - Searching for B 2217 UKV
2024-06-01 13:38:27,805 - INFO - Failed for B 2217 UKV
2024-06-01 13:38:27,805 - INFO - Searching for B 1073 CZF
2024-06-01 13:38:27,813 - INFO - Failed for B 1073 CZF
2024-06-01 13:38:27,814 - INFO - Searching for B 1435 PAK
2024-06-01 13:38:27,822 - INFO - Failed for B 1435 PAK
2024-06-01 13:38:27,823 - INFO - Searching for B 2729 PKU
2024-06-01 13:38:27,831 - INFO - Failed for B 2729 PKU
2024-06-01 13:38:27,832 - INFO - Searching for B 2990 PFK
2024-06-01 13:38:27,839 - INFO - Failed for B 2990 PFK
2024-06-01 13:38:27,840 - INFO - Searching for B 2376 POQ
2024-06-01 13:38:27,848 - INFO - Failed for B 2376 POQ
2024-06-01 13:38:27,848 - INFO - Searching for B 1413 PJT
2024-06-01 13:38:27,855 - INFO - Failed for B 1413 PJT
2024-06-01 13:38:27,856 - INFO - Searching for B 1788 USY
2024-06-01 13:38:27,865 - INFO - Failed for B 1788 USY
2024-06-01 13:38:27,865 - INFO - Searching for B 2505 PKM
2024-06-01 13:38:27,873 - INFO - Failed for B 2505 PKM
2024-06-01 13:38:27,874 - INFO - Searching for B 1316 PJN
2024-06-01 13:38:27,882 - INFO - Failed for B 1316 PJN
2024-06-01 13:38:27,882 - INFO - Searching for B 2094 PPW
2024-06-01 13:38:27,887 - INFO - Failed for B 2094 PPW
2024-06-01 13:38:27,888 - INFO - Searching for B 2383 PKW
2024-06-01 13:38:27,896 - INFO - Failed for B 2383 PKW
2024-06-01 13:38:27,897 - INFO - Searching for B 2785 PKU
2024-06-01 13:38:27,905 - INFO - Failed for B 2785 PKU
2024-06-01 13:38:27,906 - INFO - Searching for B 1544 PJK
2024-06-01 13:38:27,918 - INFO - Failed for B 1544 PJK
2024-06-01 13:38:27,919 - INFO - Searching for B 2817 PKY
2024-06-01 13:38:27,928 - INFO - Failed for B 2817 PKY
2024-06-01 13:38:27,928 - INFO - Searching for B 2713 PKF
2024-06-01 13:38:27,940 - INFO - Failed for B 2713 PKF
2024-06-01 13:38:27,942 - INFO - Searching for B 2839PFZ
2024-06-01 13:38:27,949 - INFO - Failed for B 2839PFZ
2024-06-01 13:38:27,950 - INFO - Searching for B 1606 PRL
2024-06-01 13:38:27,955 - INFO - Failed for B 1606 PRL
2024-06-01 13:38:27,955 - INFO - Searching for B 2551 PFG
2024-06-01 13:38:27,968 - INFO - Failed for B 2551 PFG
2024-06-01 13:38:27,968 - INFO - Searching for B 2154 PKX
2024-06-01 13:38:27,976 - INFO - Failed for B 2154 PKX
2024-06-01 13:38:27,976 - INFO - Searching for B 2996 PFK
2024-06-01 13:38:27,988 - INFO - Failed for B 2996 PFK
2024-06-01 13:38:27,989 - INFO - Searching for B 1148 JA
2024-06-01 13:38:28,000 - INFO - Failed for B 1148 JA
2024-06-01 13:38:28,001 - INFO - Searching for B 1307 JFR
2024-06-01 13:38:28,009 - INFO - Failed for B 1307 JFR
2024-06-01 13:38:28,009 - INFO - Searching for B 2996 UIL
2024-06-01 13:38:28,019 - INFO - Failed for B 2996 UIL
2024-06-01 13:38:28,020 - INFO - Searching for B 2977 PFZ
2024-06-01 13:38:28,028 - INFO - Failed for B 2977 PFZ
2024-06-01 13:38:28,028 - INFO - Searching for B 1503 PRI
2024-06-01 13:38:28,034 - INFO - Failed for B 1503 PRI
2024-06-01 13:38:28,035 - INFO - Searching for B 2181 POA
2024-06-01 13:38:28,041 - INFO - Failed for B 2181 POA
2024-06-01 13:38:28,042 - INFO - Searching for B 2072 TYP
2024-06-01 13:38:28,051 - INFO - Failed for B 2072 TYP
2024-06-01 13:38:28,051 - INFO - Searching for B 2412 SXQ
2024-06-01 13:38:28,056 - INFO - Failed for B 2412 SXQ
2024-06-01 13:38:28,057 - INFO - Searching for B 2293 PKW
2024-06-01 13:38:28,065 - INFO - Failed for B 2293 PKW
2024-06-01 13:38:28,066 - INFO - Searching for B 1461 JFA
2024-06-01 13:38:28,073 - INFO - Failed for B 1461 JFA
2024-06-01 13:38:28,074 - INFO - Searching for B 2431 UZS
2024-06-01 13:38:28,081 - INFO - Failed for B 2431 UZS
2024-06-01 13:38:28,082 - INFO - Searching for B 1236 KZW
2024-06-01 13:38:28,088 - INFO - Failed for B 1236 KZW
2024-06-01 13:38:28,089 - INFO - Searching for B 2291 UZR
2024-06-01 13:38:28,095 - INFO - Failed for B 2291 UZR
2024-06-01 13:38:28,096 - INFO - Searching for B 1236 JFF
2024-06-01 13:38:28,105 - INFO - Failed for B 1236 JFF
2024-06-01 13:38:28,106 - INFO - Searching for B 805 FBI
2024-06-01 13:38:28,114 - INFO - Failed for B 805 FBI
2024-06-01 13:38:28,114 - INFO - Searching for B 1994 WZE
2024-06-01 13:38:28,123 - INFO - Failed for B 1994 WZE
2024-06-01 13:38:28,123 - INFO - Searching for B 2097 SXO
2024-06-01 13:38:28,131 - INFO - Failed for B 2097 SXO
2024-06-01 13:38:28,132 - INFO - Searching for B 1690 WOQ
2024-06-01 13:38:28,139 - INFO - Failed for B 1690 WOQ
2024-06-01 13:38:28,139 - INFO - Searching for B 747 UKW
2024-06-01 13:38:28,146 - INFO - Failed for B 747 UKW
2024-06-01 13:38:28,147 - INFO - Searching for B 1401 UZZ
2024-06-01 13:38:28,153 - INFO - Failed for B 1401 UZZ
2024-06-01 13:38:28,153 - INFO - Searching for B 1445 BYU
2024-06-01 13:38:28,160 - INFO - Failed for B 1445 BYU
2024-06-01 13:38:28,161 - INFO - Searching for B 1672 NKV
2024-06-01 13:38:28,170 - INFO - Failed for B 1672 NKV
2024-06-01 13:38:28,171 - INFO - Searching for B 2330 BFT
2024-06-01 13:38:28,180 - INFO - Failed for B 2330 BFT
2024-06-01 13:38:28,180 - INFO - Searching for B 2761 PBH
2024-06-01 13:38:28,188 - INFO - Failed for B 2761 PBH
2024-06-01 13:38:28,188 - INFO - Searching for B 1808 UYV
2024-06-01 13:38:28,196 - INFO - Failed for B 1808 UYV
2024-06-01 13:38:28,198 - INFO - Searching for B 2943 SFH
2024-06-01 13:38:28,208 - INFO - Failed for B 2943 SFH
2024-06-01 13:38:28,209 - INFO - Searching for B 2403 UBQ
2024-06-01 13:38:28,217 - INFO - Failed for B 2403 UBQ
2024-06-01 13:38:28,218 - INFO - Searching for B 708 GYN
2024-06-01 13:38:28,226 - INFO - Failed for B 708 GYN
2024-06-01 13:38:28,228 - INFO - Searching for B 1914 ULP
2024-06-01 13:38:28,239 - INFO - Failed for B 1914 ULP
2024-06-01 13:38:28,240 - INFO - Searching for B 2190 BOT
2024-06-01 13:38:28,250 - INFO - Failed for B 2190 BOT
2024-06-01 13:38:28,251 - INFO - Searching for B 2688 UOB
2024-06-01 13:38:28,260 - INFO - Failed for B 2688 UOB
2024-06-01 13:38:28,261 - INFO - Searching for B 2403 UBQ
2024-06-01 13:38:28,270 - INFO - Failed for B 2403 UBQ
2024-06-01 13:38:28,271 - INFO - Searching for B 2808 DT
2024-06-01 13:38:28,279 - INFO - Failed for B 2808 DT
2024-06-01 13:38:28,280 - INFO - Searching for B 1354 SJB
2024-06-01 13:38:28,288 - INFO - Failed for B 1354 SJB
2024-06-01 13:38:28,288 - INFO - Searching for B 1483 VOV
2024-06-01 13:38:28,298 - INFO - Failed for B 1483 VOV
2024-06-01 13:38:28,299 - INFO - Searching for B 2190 BOT
2024-06-01 13:38:28,307 - INFO - Failed for B 2190 BOT
2024-06-01 13:38:28,307 - INFO - Searching for B 2047 BRT
2024-06-01 13:38:28,315 - INFO - Failed for B 2047 BRT
2024-06-01 13:38:28,315 - INFO - Searching for B 1830 UZB
2024-06-01 13:38:28,323 - INFO - Failed for B 1830 UZB
2024-06-01 13:38:28,323 - INFO - Searching for B 2259 KK
2024-06-01 13:38:28,330 - INFO - Failed for B 2259 KK
2024-06-01 13:38:28,331 - INFO - Searching for B 1289 SLP
2024-06-01 13:38:28,338 - INFO - Failed for B 1289 SLP
2024-06-01 13:38:28,339 - INFO - Searching for B 1108 BOO
2024-06-01 13:38:28,346 - INFO - Failed for B 1108 BOO
2024-06-01 13:38:28,347 - INFO - Searching for B 1699 UZC
2024-06-01 13:38:28,355 - INFO - Failed for B 1699 UZC
2024-06-01 13:38:28,355 - INFO - Searching for B 1198 UKB
2024-06-01 13:38:28,363 - INFO - Failed for B 1198 UKB
2024-06-01 13:38:28,363 - INFO - Searching for A 1395 YW
2024-06-01 13:38:28,372 - INFO - Failed for A 1395 YW
2024-06-01 13:38:28,372 - INFO - Searching for B 1276 UIA
2024-06-01 13:38:28,380 - INFO - Failed for B 1276 UIA
2024-06-01 13:38:28,381 - INFO - Searching for B 1484 BRW
2024-06-01 13:38:28,388 - INFO - Failed for B 1484 BRW
2024-06-01 13:38:28,389 - INFO - Searching for B 1269 PJI
2024-06-01 13:38:28,396 - INFO - Failed for B 1269 PJI
2024-06-01 13:38:28,397 - INFO - Searching for B 2492 UBJ
2024-06-01 13:38:28,405 - INFO - Failed for B 2492 UBJ
2024-06-01 13:38:28,405 - INFO - Searching for B 1074 UZP
2024-06-01 13:38:28,413 - INFO - Failed for B 1074 UZP
2024-06-01 13:38:28,413 - INFO - Searching for B 381 GBK
2024-06-01 13:38:28,421 - INFO - Failed for B 381 GBK
2024-06-01 13:38:28,422 - INFO - Searching for B 1405 BJU
2024-06-01 13:38:28,429 - INFO - Failed for B 1405 BJU
2024-06-01 13:38:45,093 - INFO - Successfully logged in
2024-06-01 13:38:45,093 - INFO - Searching for B 2259 UKU
2024-06-01 13:39:15,838 - INFO - Failed for B 2259 UKU
2024-06-01 13:39:15,839 - INFO - Searching for B 2446 UKN
2024-06-01 13:39:46,461 - INFO - Failed for B 2446 UKN
2024-06-01 13:39:46,462 - INFO - Searching for B 2686 UOB
2024-06-01 13:42:52,214 - INFO - Successfully logged in
2024-06-01 13:42:52,214 - INFO - Searching for B 2259 UKU
2024-06-01 13:43:22,811 - INFO - Failed for B 2259 UKU
2024-06-01 13:43:22,812 - INFO - Searching for B 2446 UKN
2024-06-01 13:43:53,765 - INFO - Failed for B 2446 UKN
2024-06-01 13:43:53,766 - INFO - Searching for B 2686 UOB
2024-06-01 13:44:24,366 - INFO - Failed for B 2686 UOB
2024-06-01 13:44:24,366 - INFO - Searching for B 1170 CZE
2024-06-01 13:44:54,854 - INFO - Failed for B 1170 CZE
2024-06-01 13:44:54,854 - INFO - Searching for B 2607 P0B
2024-06-01 13:45:25,444 - INFO - Failed for B 2607 P0B
2024-06-01 13:45:25,445 - INFO - Searching for B 2208 PKO
2024-06-01 13:45:56,012 - INFO - Failed for B 2208 PKO
2024-06-01 13:45:56,013 - INFO - Searching for B 1559 PIJ
2024-06-01 13:46:26,454 - INFO - Failed for B 1559 PIJ
2024-06-01 13:46:26,454 - INFO - Searching for B 2620 UOB
2024-06-01 13:46:56,913 - INFO - Failed for B 2620 UOB
2024-06-01 13:46:56,914 - INFO - Searching for B 2439 UKV
2024-06-01 13:47:27,558 - INFO - Failed for B 2439 UKV
2024-06-01 13:47:27,559 - INFO - Searching for B 1157 PJU
2024-06-01 13:47:57,966 - INFO - Failed for B 1157 PJU
2024-06-01 13:47:57,967 - INFO - Searching for B 2459 UKV
2024-06-01 13:48:28,538 - INFO - Failed for B 2459 UKV
2024-06-01 13:48:28,538 - INFO - Searching for B 2635 UOB
2024-06-01 13:48:59,133 - INFO - Failed for B 2635 UOB
2024-06-01 13:48:59,133 - INFO - Searching for B 1172 CZE
2024-06-01 13:49:30,075 - INFO - Failed for B 1172 CZE
2024-06-01 13:49:30,076 - INFO - Searching for B 2624 UOB
2024-06-01 13:50:00,700 - INFO - Failed for B 2624 UOB
2024-06-01 13:50:00,701 - INFO - Searching for B 1059 CZF
2024-06-01 13:50:31,289 - INFO - Failed for B 1059 CZF
2024-06-01 13:50:31,290 - INFO - Searching for B 2923 UKU
2024-06-01 13:51:01,833 - INFO - Failed for B 2923 UKU
2024-06-01 13:51:01,834 - INFO - Searching for B 2031 UKU
2024-06-01 13:51:32,605 - INFO - Failed for B 2031 UKU
2024-06-01 13:51:32,605 - INFO - Searching for B 2217 UKV
2024-06-01 13:52:03,098 - INFO - Failed for B 2217 UKV
2024-06-01 13:52:03,099 - INFO - Searching for B 1073 CZF
2024-06-01 13:52:33,742 - INFO - Failed for B 1073 CZF
2024-06-01 13:52:33,742 - INFO - Searching for B 1435 PAK
2024-06-01 13:53:04,295 - INFO - Failed for B 1435 PAK
2024-06-01 13:53:04,296 - INFO - Searching for B 2729 PKU
2024-06-01 13:53:34,854 - INFO - Failed for B 2729 PKU
2024-06-01 13:53:34,854 - INFO - Searching for B 2990 PFK
2024-06-01 13:54:05,267 - INFO - Failed for B 2990 PFK
2024-06-01 13:54:05,268 - INFO - Searching for B 2376 POQ
2024-06-01 13:54:35,828 - INFO - Failed for B 2376 POQ
2024-06-01 13:54:35,828 - INFO - Searching for B 1413 PJT
2024-06-01 13:55:06,305 - INFO - Failed for B 1413 PJT
2024-06-01 13:55:06,306 - INFO - Searching for B 1788 USY
2024-06-01 13:55:36,774 - INFO - Failed for B 1788 USY
2024-06-01 13:55:36,774 - INFO - Searching for B 2505 PKM
2024-06-01 13:56:07,475 - INFO - Failed for B 2505 PKM
2024-06-01 13:56:07,476 - INFO - Searching for B 1316 PJN
2024-06-01 13:56:37,990 - INFO - Failed for B 1316 PJN
2024-06-01 13:56:37,991 - INFO - Searching for B 2094 PPW
2024-06-01 13:57:08,464 - INFO - Failed for B 2094 PPW
2024-06-01 13:57:08,465 - INFO - Searching for B 2383 PKW
2024-06-01 13:57:39,053 - INFO - Failed for B 2383 PKW
2024-06-01 13:57:39,054 - INFO - Searching for B 2785 PKU
2024-06-01 13:58:09,656 - INFO - Failed for B 2785 PKU
2024-06-01 13:58:09,657 - INFO - Searching for B 1544 PJK
2024-06-01 13:58:40,078 - INFO - Failed for B 1544 PJK
2024-06-01 13:58:40,078 - INFO - Searching for B 2817 PKY
2024-06-01 13:59:10,706 - INFO - Failed for B 2817 PKY
2024-06-01 13:59:10,706 - INFO - Searching for B 2713 PKF
2024-06-01 14:03:38,305 - INFO - Successfully logged in
2024-06-01 14:03:38,805 - INFO - searching B 2259 UKU
2024-06-01 14:06:57,637 - INFO - Successfully logged in
2024-06-01 14:06:58,352 - INFO - Failed for B2880UKU

2024-06-01 14:06:58,834 - INFO - Failed for B2241UKV

2024-06-01 14:06:59,327 - INFO - Failed for B2038UKO

2024-06-01 14:06:59,780 - INFO - Failed for B1914CZD

2024-06-01 14:07:00,486 - INFO - Failed for B1061CZF

2024-06-01 14:07:00,968 - INFO - Failed for B2189PFO

2024-06-01 14:07:01,465 - INFO - Failed for B2473UKU

2024-06-01 14:07:02,055 - INFO - Failed for B2497UKU

2024-06-01 14:07:02,556 - INFO - Failed for B2460UKN

2024-06-01 14:07:03,063 - INFO - Failed for B2530UOG

2024-06-01 14:08:29,166 - INFO - Successfully logged in
2024-06-01 14:08:30,072 - INFO - Failed for B2880UKU

2024-06-01 14:08:30,934 - INFO - Failed for B2241UKV

2024-06-01 14:08:31,822 - INFO - Failed for B2038UKO

2024-06-01 14:08:32,662 - INFO - Failed for B1914CZD

2024-06-01 14:08:33,495 - INFO - Failed for B1061CZF

2024-06-01 14:08:34,349 - INFO - Failed for B2189PFO

2024-06-01 14:08:35,043 - INFO - Failed for B2473UKU

2024-06-01 14:08:35,710 - INFO - Failed for B2497UKU

2024-06-01 14:08:36,468 - INFO - Failed for B2460UKN

2024-06-01 14:08:37,170 - INFO - Failed for B2530UOG

2024-06-01 14:08:37,882 - INFO - Failed for B2747UOB

2024-06-01 14:08:38,578 - INFO - Failed for B1877PJP

2024-06-01 14:08:39,348 - INFO - Failed for B2207UKV

2024-06-01 14:08:40,058 - INFO - Failed for B1972CZE

2024-06-01 14:08:40,829 - INFO - Failed for B2233UKV

2024-06-01 14:08:41,595 - INFO - Failed for B2469UOH

2024-06-01 14:08:42,424 - INFO - Failed for B1075CZF

2024-06-01 14:08:43,250 - INFO - Failed for B1959CZE

2024-06-01 14:08:44,108 - INFO - Failed for B2429UKV

2024-06-01 14:08:44,876 - INFO - Failed for B2049UKU

2024-06-01 14:08:45,698 - INFO - Failed for B2126UKV

2024-06-01 14:08:46,608 - INFO - Failed for B2442UKN

2024-06-01 14:08:47,510 - INFO - Failed for B1945CZE

2024-06-01 14:08:48,193 - INFO - Failed for B2624PKX

2024-06-01 14:08:48,225 - INFO - Failed for B2692UOB

2024-06-01 14:08:48,255 - INFO - Failed for B2029UKU

2024-06-01 14:08:48,282 - INFO - Failed for B2483UKU

2024-06-01 14:08:48,297 - INFO - Failed for B2225UKV

2024-06-01 14:08:48,323 - INFO - Failed for B1850CZE

2024-06-01 14:08:48,332 - INFO - Failed for B1142PJT

2024-06-01 14:08:48,344 - INFO - Failed for B1955CZE

2024-06-01 14:08:48,354 - INFO - Failed for B2176UKV

2024-06-01 14:08:48,385 - INFO - Failed for B2475UKU

2024-06-01 14:08:48,407 - INFO - Failed for B1957CZE

2024-06-01 14:08:48,416 - INFO - Failed for B1854CZE

2024-06-01 14:08:48,436 - INFO - Failed for B2481UKU

2024-06-01 14:08:48,443 - INFO - Failed for B2148UKU

2024-06-01 14:08:48,452 - INFO - Failed for B2419UKV

2024-06-01 14:08:48,460 - INFO - Failed for B2427UKV

2024-06-01 14:08:48,468 - INFO - Failed for B2154UKU

2024-06-01 14:08:48,477 - INFO - Failed for B2356UKV

2024-06-01 14:08:48,485 - INFO - Failed for B2170UKV

2024-06-01 14:08:48,497 - INFO - Failed for B2431UKV

2024-06-01 14:08:48,506 - INFO - Failed for B1846CZE

2024-06-01 14:08:48,513 - INFO - Failed for B2903UKU

2024-06-01 14:08:48,521 - INFO - Failed for B2488UKN

2024-06-01 14:08:48,529 - INFO - Failed for B2277UKV

2024-06-01 14:08:48,537 - INFO - Failed for B1984CZE

2024-06-01 14:08:48,544 - INFO - Failed for B2048UKO

2024-06-01 14:08:48,552 - INFO - Failed for B2443UKN

2024-06-01 14:08:48,560 - INFO - Failed for B2239UKV

2024-06-01 14:08:48,567 - INFO - Failed for B2022UOG

2024-06-01 14:08:48,575 - INFO - Failed for B2129UOG

2024-06-01 14:08:48,583 - INFO - Failed for B2662UOB

2024-06-01 14:08:48,593 - INFO - Failed for B2606UOB

2024-06-01 14:08:48,601 - INFO - Failed for B2723UOB

2024-06-01 14:08:48,613 - INFO - Failed for B2259UKU

2024-06-01 14:08:48,622 - INFO - Failed for B2446UKN

2024-06-01 14:08:48,630 - INFO - Failed for B2686UOB

2024-06-01 14:08:48,639 - INFO - Failed for B1170CZE

2024-06-01 14:08:48,649 - INFO - Failed for B2607P0B

2024-06-01 14:08:48,656 - INFO - Failed for B2208PKO

2024-06-01 14:08:48,664 - INFO - Failed for B1559PIJ

2024-06-01 14:08:48,672 - INFO - Failed for B2620UOB

2024-06-01 14:08:48,679 - INFO - Failed for B2439UKV

2024-06-01 14:08:48,689 - INFO - Failed for B1157PJU

2024-06-01 14:08:48,696 - INFO - Failed for B2459UKV

2024-06-01 14:08:48,704 - INFO - Failed for B2635UOB

2024-06-01 14:08:48,711 - INFO - Failed for B1172CZE

2024-06-01 14:08:48,720 - INFO - Failed for B2624UOB

2024-06-01 14:08:48,728 - INFO - Failed for B1059CZF

2024-06-01 14:08:48,736 - INFO - Failed for B2923UKU

2024-06-01 14:08:48,745 - INFO - Failed for B2031UKU

2024-06-01 14:08:48,753 - INFO - Failed for B2217UKV

2024-06-01 14:08:48,760 - INFO - Failed for B1073CZF

2024-06-01 14:08:48,768 - INFO - Failed for B1435PAK

2024-06-01 14:08:48,776 - INFO - Failed for B2729PKU

2024-06-01 14:08:48,784 - INFO - Failed for B2990PFK

2024-06-01 14:08:48,791 - INFO - Failed for B2376POQ

2024-06-01 14:08:48,799 - INFO - Failed for B1413PJT

2024-06-01 14:08:48,807 - INFO - Failed for B1788USY

2024-06-01 14:08:48,814 - INFO - Failed for B2505PKM

2024-06-01 14:08:48,822 - INFO - Failed for B1316PJN

2024-06-01 14:08:48,831 - INFO - Failed for B2094PPW

2024-06-01 14:08:48,840 - INFO - Failed for B2383PKW

2024-06-01 14:08:48,849 - INFO - Failed for B2785PKU

2024-06-01 14:08:48,857 - INFO - Failed for B1544PJK

2024-06-01 14:08:48,867 - INFO - Failed for B2817PKY

2024-06-01 14:08:48,876 - INFO - Failed for B2713PKF

2024-06-01 14:08:48,883 - INFO - Failed for B2839PFZ

2024-06-01 14:08:48,892 - INFO - Failed for B1606PRL

2024-06-01 14:08:48,899 - INFO - Failed for B2551PFG

2024-06-01 14:08:48,906 - INFO - Failed for B2154PKX

2024-06-01 14:08:48,915 - INFO - Failed for B2996PFK

2024-06-01 14:08:48,922 - INFO - Failed for B1148JA

2024-06-01 14:08:48,930 - INFO - Failed for B1307JFR

2024-06-01 14:08:48,938 - INFO - Failed for B2996UIL

2024-06-01 14:08:48,946 - INFO - Failed for B2977PFZ

2024-06-01 14:08:48,954 - INFO - Failed for B1503PRI

2024-06-01 14:08:48,962 - INFO - Failed for B2181POA

2024-06-01 14:08:48,970 - INFO - Failed for B2072TYP

2024-06-01 14:08:48,978 - INFO - Failed for B2412SXQ

2024-06-01 14:08:48,986 - INFO - Failed for B2293PKW

2024-06-01 14:08:48,994 - INFO - Failed for B1461JFA

2024-06-01 14:08:49,003 - INFO - Failed for B2431UZS

2024-06-01 14:08:49,011 - INFO - Failed for B1236KZW

2024-06-01 14:08:49,019 - INFO - Failed for B2291UZR

2024-06-01 14:08:49,026 - INFO - Failed for B1236JFF

2024-06-01 14:08:49,033 - INFO - Failed for B805FBI

2024-06-01 14:08:49,041 - INFO - Failed for B1994WZE

2024-06-01 14:08:49,048 - INFO - Failed for B2097SXO

2024-06-01 14:08:49,060 - INFO - Failed for B1690WOQ

2024-06-01 14:08:49,068 - INFO - Failed for B747UKW

2024-06-01 14:08:49,076 - INFO - Failed for B1401UZZ

2024-06-01 14:08:49,083 - INFO - Failed for B1445BYU

2024-06-01 14:08:49,091 - INFO - Failed for B1672NKV

2024-06-01 14:08:49,097 - INFO - Failed for B2330BFT

2024-06-01 14:08:49,105 - INFO - Failed for B2761PBH

2024-06-01 14:08:49,112 - INFO - Failed for B1808UYV

2024-06-01 14:08:49,118 - INFO - Failed for B2943SFH

2024-06-01 14:08:49,126 - INFO - Failed for B2403UBQ

2024-06-01 14:08:49,133 - INFO - Failed for B708GYN

2024-06-01 14:08:49,141 - INFO - Failed for B1914ULP

2024-06-01 14:08:49,149 - INFO - Failed for B2190BOT

2024-06-01 14:08:49,156 - INFO - Failed for B2688UOB

2024-06-01 14:08:49,164 - INFO - Failed for B2403UBQ

2024-06-01 14:08:49,172 - INFO - Failed for B2808DT

2024-06-01 14:08:49,183 - INFO - Failed for B1354SJB

2024-06-01 14:08:49,193 - INFO - Failed for B1483VOV

2024-06-01 14:08:49,205 - INFO - Failed for B2190BOT

2024-06-01 14:08:49,217 - INFO - Failed for B2047BRT

2024-06-01 14:08:49,229 - INFO - Failed for B1830UZB

2024-06-01 14:08:49,237 - INFO - Failed for B2259KK

2024-06-01 14:08:49,250 - INFO - Failed for B1289SLP

2024-06-01 14:08:49,259 - INFO - Failed for B1108BOO

2024-06-01 14:08:49,269 - INFO - Failed for B1699UZC

2024-06-01 14:08:49,277 - INFO - Failed for B1198UKB

2024-06-01 14:08:49,285 - INFO - Failed for A1395YW

2024-06-01 14:08:49,293 - INFO - Failed for B2469UOH

2024-06-01 14:08:49,301 - INFO - Failed for B1276UIA

2024-06-01 14:08:49,310 - INFO - Failed for B1484BRW

2024-06-01 14:08:49,317 - INFO - Failed for B1269PJI

2024-06-01 14:08:49,326 - INFO - Failed for B2492UBJ

2024-06-01 14:08:49,333 - INFO - Failed for B1074UZP

2024-06-01 14:08:49,341 - INFO - Failed for B381GBK

2024-06-01 14:08:49,352 - INFO - Failed for B1405BJU
2024-06-01 14:13:12,200 - INFO - Successfully logged in
2024-06-01 14:13:12,809 - INFO - Failed for B2880UKU

2024-06-01 14:13:13,415 - INFO - Failed for B2241UKV

2024-06-01 14:13:13,982 - INFO - Failed for B2038UKO

2024-06-01 14:13:14,520 - INFO - Failed for B1914CZD

2024-06-01 14:13:15,097 - INFO - Failed for B1061CZF

2024-06-01 14:13:15,681 - INFO - Failed for B2189PFO

2024-06-01 14:13:16,457 - INFO - Failed for B2473UKU

2024-06-01 14:13:17,053 - INFO - Failed for B2497UKU

2024-06-01 14:13:17,735 - INFO - Failed for B2460UKN

2024-06-01 14:13:18,354 - INFO - Failed for B2530UOG

2024-06-01 14:13:18,905 - INFO - Failed for B2747UOB

2024-06-01 14:13:19,500 - INFO - Failed for B1877PJP

2024-06-01 14:13:20,072 - INFO - Failed for B2207UKV

2024-06-01 14:13:20,637 - INFO - Failed for B1972CZE

2024-06-01 14:13:21,206 - INFO - Failed for B2233UKV

2024-06-01 14:13:21,831 - INFO - Failed for B2469UOH

2024-06-01 14:13:22,463 - INFO - Failed for B1075CZF

2024-06-01 14:13:23,065 - INFO - Failed for B1959CZE

2024-06-01 14:13:23,406 - INFO - Failed for B2429UKV

2024-06-01 14:13:23,439 - INFO - Failed for B2049UKU

2024-06-01 14:13:23,450 - INFO - Failed for B2126UKV

2024-06-01 14:13:23,468 - INFO - Failed for B2442UKN

2024-06-01 14:13:23,482 - INFO - Failed for B1945CZE

2024-06-01 14:13:23,501 - INFO - Failed for B2624PKX

2024-06-01 14:13:23,522 - INFO - Failed for B2692UOB

2024-06-01 14:13:23,537 - INFO - Failed for B2029UKU

2024-06-01 14:13:23,551 - INFO - Failed for B2483UKU

2024-06-01 14:13:23,563 - INFO - Failed for B2225UKV

2024-06-01 14:13:23,575 - INFO - Failed for B1850CZE

2024-06-01 14:13:23,583 - INFO - Failed for B1142PJT

2024-06-01 14:13:23,592 - INFO - Failed for B1955CZE

2024-06-01 14:13:23,605 - INFO - Failed for B2176UKV

2024-06-01 14:13:23,618 - INFO - Failed for B2475UKU

2024-06-01 14:13:23,633 - INFO - Failed for B1957CZE

2024-06-01 14:13:23,642 - INFO - Failed for B1854CZE

2024-06-01 14:13:23,652 - INFO - Failed for B2481UKU

2024-06-01 14:13:23,666 - INFO - Failed for B2148UKU

2024-06-01 14:13:23,674 - INFO - Failed for B2419UKV

2024-06-01 14:13:23,680 - INFO - Failed for B2427UKV

2024-06-01 14:13:23,687 - INFO - Failed for B2154UKU

2024-06-01 14:13:23,696 - INFO - Failed for B2356UKV

2024-06-01 14:13:23,703 - INFO - Failed for B2170UKV

2024-06-01 14:13:23,712 - INFO - Failed for B2431UKV

2024-06-01 14:13:23,720 - INFO - Failed for B1846CZE

2024-06-01 14:13:23,727 - INFO - Failed for B2903UKU

2024-06-01 14:13:23,734 - INFO - Failed for B2488UKN

2024-06-01 14:13:23,741 - INFO - Failed for B2277UKV

2024-06-01 14:13:23,749 - INFO - Failed for B1984CZE

2024-06-01 14:13:23,756 - INFO - Failed for B2048UKO

2024-06-01 14:13:23,763 - INFO - Failed for B2443UKN

2024-06-01 14:13:23,772 - INFO - Failed for B2239UKV

2024-06-01 14:13:23,780 - INFO - Failed for B2022UOG

2024-06-01 14:13:23,787 - INFO - Failed for B2129UOG

2024-06-01 14:13:23,796 - INFO - Failed for B2662UOB

2024-06-01 14:13:23,804 - INFO - Failed for B2606UOB

2024-06-01 14:13:23,812 - INFO - Failed for B2723UOB

2024-06-01 14:13:23,821 - INFO - Failed for B2259UKU

2024-06-01 14:13:23,831 - INFO - Failed for B2446UKN

2024-06-01 14:13:23,842 - INFO - Failed for B2686UOB

2024-06-01 14:13:23,852 - INFO - Failed for B1170CZE

2024-06-01 14:13:23,861 - INFO - Failed for B2607P0B

2024-06-01 14:13:23,870 - INFO - Failed for B2208PKO

2024-06-01 14:13:23,881 - INFO - Failed for B1559PIJ

2024-06-01 14:13:23,890 - INFO - Failed for B2620UOB

2024-06-01 14:13:23,900 - INFO - Failed for B2439UKV

2024-06-01 14:13:23,907 - INFO - Failed for B1157PJU

2024-06-01 14:13:23,915 - INFO - Failed for B2459UKV

2024-06-01 14:13:23,925 - INFO - Failed for B2635UOB

2024-06-01 14:13:23,934 - INFO - Failed for B1172CZE

2024-06-01 14:13:23,943 - INFO - Failed for B2624UOB

2024-06-01 14:13:23,952 - INFO - Failed for B1059CZF

2024-06-01 14:13:23,960 - INFO - Failed for B2923UKU

2024-06-01 14:13:23,969 - INFO - Failed for B2031UKU

2024-06-01 14:13:23,977 - INFO - Failed for B2217UKV

2024-06-01 14:13:23,984 - INFO - Failed for B1073CZF

2024-06-01 14:13:23,990 - INFO - Failed for B1435PAK

2024-06-01 14:13:24,000 - INFO - Failed for B2729PKU

2024-06-01 14:13:24,007 - INFO - Failed for B2990PFK

2024-06-01 14:13:24,013 - INFO - Failed for B2376POQ

2024-06-01 14:13:24,022 - INFO - Failed for B1413PJT

2024-06-01 14:13:24,031 - INFO - Failed for B1788USY

2024-06-01 14:13:24,041 - INFO - Failed for B2505PKM

2024-06-01 14:13:24,050 - INFO - Failed for B1316PJN

2024-06-01 14:13:24,057 - INFO - Failed for B2094PPW

2024-06-01 14:13:24,068 - INFO - Failed for B2383PKW

2024-06-01 14:13:24,076 - INFO - Failed for B2785PKU

2024-06-01 14:13:24,088 - INFO - Failed for B1544PJK

2024-06-01 14:13:24,095 - INFO - Failed for B2817PKY

2024-06-01 14:13:24,109 - INFO - Failed for B2713PKF

2024-06-01 14:13:24,120 - INFO - Failed for B2839PFZ

2024-06-01 14:13:24,129 - INFO - Failed for B1606PRL

2024-06-01 14:13:24,140 - INFO - Failed for B2551PFG

2024-06-01 14:13:24,149 - INFO - Failed for B2154PKX

2024-06-01 14:13:24,157 - INFO - Failed for B2996PFK

2024-06-01 14:13:24,166 - INFO - Failed for B1148JA

2024-06-01 14:13:24,173 - INFO - Failed for B1307JFR

2024-06-01 14:13:24,181 - INFO - Failed for B2996UIL

2024-06-01 14:13:24,190 - INFO - Failed for B2977PFZ

2024-06-01 14:13:24,198 - INFO - Failed for B1503PRI

2024-06-01 14:13:24,206 - INFO - Failed for B2181POA

2024-06-01 14:13:24,216 - INFO - Failed for B2072TYP

2024-06-01 14:13:24,223 - INFO - Failed for B2412SXQ

2024-06-01 14:13:24,230 - INFO - Failed for B2293PKW

2024-06-01 14:13:24,239 - INFO - Failed for B1461JFA

2024-06-01 14:13:24,246 - INFO - Failed for B2431UZS

2024-06-01 14:13:24,256 - INFO - Failed for B1236KZW

2024-06-01 14:13:24,262 - INFO - Failed for B2291UZR

2024-06-01 14:13:24,270 - INFO - Failed for B1236JFF

2024-06-01 14:13:24,279 - INFO - Failed for B805FBI

2024-06-01 14:13:24,288 - INFO - Failed for B1994WZE

2024-06-01 14:13:24,295 - INFO - Failed for B2097SXO

2024-06-01 14:13:24,304 - INFO - Failed for B1690WOQ

2024-06-01 14:13:24,312 - INFO - Failed for B747UKW

2024-06-01 14:13:24,322 - INFO - Failed for B1401UZZ

2024-06-01 14:13:24,329 - INFO - Failed for B1445BYU

2024-06-01 14:13:24,336 - INFO - Failed for B1672NKV

2024-06-01 14:13:24,343 - INFO - Failed for B2330BFT

2024-06-01 14:13:24,351 - INFO - Failed for B2761PBH

2024-06-01 14:13:24,357 - INFO - Failed for B1808UYV

2024-06-01 14:13:24,365 - INFO - Failed for B2943SFH

2024-06-01 14:13:24,373 - INFO - Failed for B2403UBQ

2024-06-01 14:13:24,380 - INFO - Failed for B708GYN

2024-06-01 14:13:24,387 - INFO - Failed for B1914ULP

2024-06-01 14:13:24,394 - INFO - Failed for B2190BOT

2024-06-01 14:13:24,403 - INFO - Failed for B2688UOB

2024-06-01 14:13:24,410 - INFO - Failed for B2403UBQ

2024-06-01 14:13:24,419 - INFO - Failed for B2808DT

2024-06-01 14:13:24,426 - INFO - Failed for B1354SJB

2024-06-01 14:13:24,436 - INFO - Failed for B1483VOV

2024-06-01 14:13:24,448 - INFO - Failed for B2190BOT

2024-06-01 14:13:24,455 - INFO - Failed for B2047BRT

2024-06-01 14:13:24,464 - INFO - Failed for B1830UZB

2024-06-01 14:13:24,472 - INFO - Failed for B2259KK

2024-06-01 14:13:24,479 - INFO - Failed for B1289SLP

2024-06-01 14:13:24,487 - INFO - Failed for B1108BOO

2024-06-01 14:13:24,499 - INFO - Failed for B1699UZC

2024-06-01 14:13:24,507 - INFO - Failed for B1198UKB

2024-06-01 14:13:24,516 - INFO - Failed for A1395YW

2024-06-01 14:13:24,524 - INFO - Failed for B2469UOH

2024-06-01 14:13:24,531 - INFO - Failed for B1276UIA

2024-06-01 14:13:24,539 - INFO - Failed for B1484BRW

2024-06-01 14:13:24,548 - INFO - Failed for B1269PJI

2024-06-01 14:13:24,556 - INFO - Failed for B2492UBJ

2024-06-01 14:13:24,567 - INFO - Failed for B1074UZP

2024-06-01 14:13:24,575 - INFO - Failed for B381GBK

2024-06-01 14:13:24,582 - INFO - Failed for B1405BJU
2024-06-01 14:20:15,677 - INFO - Successfully logged in
2024-06-01 14:20:16,354 - INFO - searching B2259UKU
2024-06-01 14:20:46,600 - INFO - Failed for B2259UKU
2024-06-01 14:20:47,294 - INFO - searching B2446UKN
2024-06-01 14:20:48,951 - INFO - B2446UKN docs found!
2024-06-01 14:21:22,085 - INFO - searching B2686UOB
2024-06-01 14:21:24,330 - INFO - B2686UOB docs found!
2024-06-01 14:22:02,746 - INFO - searching B1170CZE
2024-06-01 14:22:04,632 - INFO - B1170CZE docs found!
2024-06-01 14:22:36,815 - INFO - searching B2607P0B
2024-06-01 14:23:07,068 - INFO - Failed for B2607P0B
2024-06-01 14:23:07,709 - INFO - searching B2208PKO
2024-06-01 14:23:09,590 - INFO - B2208PKO docs found!
2024-06-01 14:23:58,751 - INFO - searching B1559PIJ
2024-06-01 14:24:01,976 - INFO - B1559PIJ docs found!
2024-06-01 14:24:50,842 - INFO - searching B2620UOB
2024-06-01 14:24:53,456 - INFO - B2620UOB docs found!
2024-06-01 14:25:27,511 - INFO - searching B2439UKV
2024-06-01 14:25:29,438 - INFO - B2439UKV docs found!
2024-06-01 14:26:02,158 - INFO - searching B1157PJU
2024-06-01 14:26:04,403 - INFO - B1157PJU docs found!
2024-06-01 14:27:27,056 - INFO - searching B2459UKV
2024-06-01 14:27:30,272 - INFO - B2459UKV docs found!
2024-06-01 14:28:06,952 - INFO - searching B2635UOB
2024-06-01 14:28:08,791 - INFO - B2635UOB docs found!
2024-06-01 14:28:51,328 - INFO - searching B1172CZE
2024-06-01 14:28:53,363 - INFO - B1172CZE docs found!
2024-06-01 14:29:25,166 - INFO - searching B2624UOB
2024-06-01 14:29:27,440 - INFO - B2624UOB docs found!
2024-06-01 14:30:02,124 - INFO - searching B1059CZF
2024-06-01 14:30:04,812 - INFO - B1059CZF docs found!
2024-06-01 14:30:38,908 - INFO - searching B2923UKU
2024-06-01 14:30:40,752 - INFO - B2923UKU docs found!
2024-06-01 14:31:17,406 - INFO - searching B2031UKU
2024-06-01 14:31:19,226 - INFO - B2031UKU docs found!
2024-06-01 14:31:52,550 - INFO - searching B2217UKV
2024-06-01 14:31:55,018 - INFO - B2217UKV docs found!
2024-06-01 14:32:35,036 - INFO - searching B1073CZF
2024-06-01 14:32:36,730 - INFO - B1073CZF docs found!
2024-06-01 14:33:12,620 - INFO - searching B1435PAK
2024-06-01 14:33:16,145 - INFO - B1435PAK docs found!
2024-06-01 14:33:54,752 - INFO - searching B2729PKU
2024-06-01 14:33:57,414 - INFO - B2729PKU docs found!
2024-06-01 14:34:44,679 - INFO - searching B2990PFK
2024-06-01 14:34:47,875 - INFO - B2990PFK docs found!
2024-06-01 14:35:33,359 - INFO - searching B2376POQ
2024-06-01 14:35:35,099 - INFO - B2376POQ docs found!
2024-06-01 14:36:37,791 - INFO - searching B1413PJT
2024-06-01 14:36:39,359 - INFO - B1413PJT docs found!
2024-06-01 14:37:14,344 - INFO - searching B1788USY
2024-06-01 14:37:44,766 - INFO - Failed for B1788USY
2024-06-01 14:37:45,370 - INFO - searching B2505PKM
2024-06-01 14:37:46,874 - INFO - B2505PKM docs found!
2024-06-01 14:38:25,335 - INFO - searching B1316PJN
2024-06-01 14:38:27,068 - INFO - B1316PJN docs found!
2024-06-01 14:39:20,598 - INFO - searching B2094PPW
2024-06-01 14:39:50,924 - INFO - Failed for B2094PPW
2024-06-01 14:39:51,563 - INFO - searching B2383PKW
2024-06-01 14:39:53,141 - INFO - B2383PKW docs found!
2024-06-01 14:40:35,145 - INFO - searching B2785PKU
2024-06-01 14:40:37,957 - INFO - B2785PKU docs found!
2024-06-01 14:41:38,369 - INFO - searching B1544PJK
2024-06-01 14:41:40,461 - INFO - B1544PJK docs found!
2024-06-01 14:42:29,484 - INFO - searching B2817PKY
2024-06-01 14:42:31,862 - INFO - B2817PKY docs found!
2024-06-01 14:43:11,145 - INFO - searching B2713PKF
2024-06-01 14:43:13,602 - INFO - B2713PKF docs found!
2024-06-01 14:44:09,907 - INFO - searching B2839PFZ
2024-06-01 14:44:12,512 - INFO - B2839PFZ docs found!
2024-06-01 14:44:49,584 - INFO - searching B1606PRL
2024-06-01 14:44:51,913 - INFO - B1606PRL docs found!
2024-06-01 14:45:40,401 - INFO - searching B2551PFG
2024-06-01 14:45:43,351 - INFO - B2551PFG docs found!
2024-06-01 14:46:25,341 - INFO - searching B2154PKX
2024-06-01 14:46:28,159 - INFO - B2154PKX docs found!
2024-06-01 14:47:32,239 - INFO - searching B2996PFK
2024-06-01 14:47:35,188 - INFO - B2996PFK docs found!
2024-06-01 14:48:28,392 - INFO - searching B1148JA
2024-06-01 14:48:30,585 - INFO - B1148JA docs found!
2024-06-01 14:49:05,514 - INFO - searching B1307JFR
2024-06-01 14:49:07,403 - INFO - B1307JFR docs found!
2024-06-01 14:50:02,727 - INFO - searching B2996UIL
2024-06-01 14:50:04,122 - INFO - B2996UIL docs found!
2024-06-01 14:50:18,227 - INFO - searching B2977PFZ
2024-06-01 14:50:19,832 - INFO - B2977PFZ docs found!
2024-06-01 14:51:15,886 - INFO - searching B1503PRI
2024-06-01 14:51:17,870 - INFO - B1503PRI docs found!
2024-06-01 14:52:18,769 - INFO - searching B2181POA
2024-06-01 14:52:20,449 - INFO - B2181POA docs found!
2024-06-01 14:53:05,453 - INFO - searching B2072TYP
2024-06-01 14:53:07,408 - INFO - B2072TYP docs found!
2024-06-01 14:54:06,153 - INFO - searching B2412SXQ
2024-06-01 14:54:09,579 - INFO - B2412SXQ docs found!
2024-06-01 14:55:00,055 - INFO - searching B2293PKW
2024-06-01 14:55:02,728 - INFO - B2293PKW docs found!
2024-06-01 14:55:46,574 - INFO - searching B1461JFA
2024-06-01 14:55:49,007 - INFO - B1461JFA docs found!
2024-06-01 14:56:28,087 - INFO - searching B2431UZS
2024-06-01 14:56:30,275 - INFO - B2431UZS docs found!
2024-06-01 14:56:41,432 - INFO - Successfully logged in
2024-06-01 14:56:48,828 - INFO - Failed for B1587SER
2024-06-01 14:56:48,837 - INFO - Failed for B1920BGZ
2024-06-01 14:56:48,843 - INFO - Failed for B1657VMO
2024-06-01 14:56:48,849 - INFO - Failed for B1435BRL
2024-06-01 14:56:48,857 - INFO - Failed for B1103BMF
2024-06-01 14:56:48,862 - INFO - Failed for B9192ERU
2024-06-01 14:56:48,869 - INFO - Failed for B2845SFU
2024-06-01 14:56:48,876 - INFO - Failed for B1547CMJ
2024-06-01 14:56:48,884 - INFO - Failed for B9012CQO
2024-06-01 14:56:48,892 - INFO - Failed for F1883PP
2024-06-01 14:56:48,899 - INFO - Failed for B1058BYN
2024-06-01 14:56:48,906 - INFO - Failed for B2421BYO
2024-06-01 14:56:48,913 - INFO - Failed for B2580BRT
2024-06-01 14:56:48,923 - INFO - Failed for B2580BRT
2024-06-01 14:56:48,930 - INFO - Failed for B1529BLR
2024-06-01 14:56:48,937 - INFO - Failed for B121REN
2024-06-01 14:56:48,945 - INFO - Failed for B2038BBO
2024-06-01 14:56:48,950 - INFO - Failed for B2053BBF
2024-06-01 14:56:48,958 - INFO - Failed for B228DAN
2024-06-01 14:56:48,968 - INFO - Failed for B1038LE
2024-06-01 14:56:48,976 - INFO - Failed for B1806TLS
2024-06-01 14:56:48,982 - INFO - Failed for A1786ZW
2024-06-01 14:56:48,987 - INFO - Failed for B1364TJ
2024-06-01 14:56:48,995 - INFO - Failed for B923VAN
2024-06-01 14:56:49,004 - INFO - Failed for B1841BJR
2024-06-01 14:56:49,018 - INFO - Failed for B2305BBP
2024-06-01 14:56:49,025 - INFO - Failed for B2862BRC
2024-06-01 14:56:49,034 - INFO - Failed for B2701BFO
2024-06-01 14:56:49,041 - INFO - Failed for B1996UIZ
2024-06-01 14:56:49,048 - INFO - Failed for B1425NZA
2024-06-01 14:56:49,055 - INFO - Failed for B1041UIW
2024-06-01 14:56:49,064 - INFO - Failed for B1908UYG
2024-06-01 14:56:49,071 - INFO - Failed for B1065UIL
2024-06-01 14:56:49,081 - INFO - Failed for B2218BFD
2024-06-01 14:56:49,087 - INFO - Failed for B2701BFO
2024-06-01 14:56:49,095 - INFO - Failed for B1976JUS
2024-06-01 14:56:49,102 - INFO - Failed for B2236BFN
2024-06-01 14:56:49,110 - INFO - Failed for B1660COR
2024-06-01 14:56:49,123 - INFO - Failed for B2047POZ
2024-06-01 14:56:49,137 - INFO - Failed for B1119VLS
2024-06-01 14:56:49,145 - INFO - Failed for B1848WIP
2024-06-01 14:56:49,152 - INFO - Failed for B1680VZB
2024-06-01 14:56:49,159 - INFO - Failed for B9718CXT
2024-06-01 14:56:49,167 - INFO - Failed for B1432BZ
2024-06-01 14:56:49,176 - INFO - Failed for B1785ZKZ
2024-06-01 14:56:49,184 - INFO - Failed for B1089RKS
2024-06-01 14:56:49,190 - INFO - Failed for B8799OR
2024-06-01 14:56:49,199 - INFO - Failed for B1244VMP
2024-06-01 14:56:49,206 - INFO - Failed for B2313KKJ
2024-06-01 14:56:49,214 - INFO - Failed for B2199NBC
2024-06-01 14:56:49,224 - INFO - Failed for B2313KKJ
2024-06-01 14:56:49,232 - INFO - Failed for B2500GO
2024-06-01 14:56:49,240 - INFO - Failed for B2500GO
2024-06-01 14:56:49,248 - INFO - Failed for B1220WOD
2024-06-01 14:56:49,254 - INFO - Failed for B1220WOD
2024-06-01 14:56:49,260 - INFO - Failed for B2672BBN
2024-06-01 14:56:49,268 - INFO - Failed for B8518PI
2024-06-01 14:56:49,276 - INFO - Failed for B9348CO
2024-06-01 14:56:49,284 - INFO - Failed for B2541BBH
2024-06-01 14:56:49,291 - INFO - Failed for B2765UBL
2024-06-01 14:56:49,299 - INFO - Failed for B2580BJA
2024-06-01 14:56:49,307 - INFO - Failed for B2538WBF
2024-06-01 14:56:49,314 - INFO - Failed for B8476II
2024-06-01 14:56:49,321 - INFO - Failed for B1774UJO
2024-06-01 14:56:49,329 - INFO - Failed for B235ALY
2024-06-01 14:56:49,337 - INFO - Failed for B1593SJT
2024-06-01 14:56:49,345 - INFO - Failed for B1070CCV
2024-06-01 14:56:49,353 - INFO - Failed for B1070CCV
2024-06-01 14:56:49,364 - INFO - Failed for B2293UKO
2024-06-01 14:56:49,374 - INFO - Failed for B2240FFV
2024-06-01 14:56:49,382 - INFO - Failed for B2857BYU
2024-06-01 14:56:49,391 - INFO - Failed for B2857BYU
2024-06-01 14:56:49,398 - INFO - Failed for B1100VOK
2024-06-01 14:56:49,404 - INFO - Failed for B2775BIR
2024-06-01 14:56:49,411 - INFO - Failed for B1488NB
2024-06-01 14:56:49,419 - INFO - Failed for B1488NR
2024-06-01 14:56:49,426 - INFO - Failed for B1612BOA
2024-06-01 14:56:49,434 - INFO - Failed for B1651WIQ
2024-06-01 14:56:49,441 - INFO - Failed for B1508BIU
2024-06-01 14:56:49,449 - INFO - Failed for B9173KSW
2024-06-01 14:56:49,458 - INFO - Failed for B19EMI
2024-06-01 14:56:49,467 - INFO - Failed for B1950CYF
2024-06-01 14:56:49,479 - INFO - Failed for B1950CYF
2024-06-01 14:56:49,487 - INFO - Failed for B1058JUO
2024-06-01 14:56:49,498 - INFO - Failed for B1128VKS
2024-06-01 14:56:49,506 - INFO - Failed for B1962PYT
2024-06-01 14:56:49,514 - INFO - Failed for BK1912ACA
2024-06-01 14:56:49,522 - INFO - Failed for B1394VOV
2024-06-01 14:56:49,532 - INFO - Failed for B2586BRX
2024-06-01 14:56:49,540 - INFO - Failed for B1138NRS
2024-06-01 14:56:49,549 - INFO - Failed for B9112CAF
2024-06-01 14:56:49,559 - INFO - Failed for B2778BOG
2024-06-01 14:56:49,573 - INFO - Failed for B2157BZB
2024-06-01 14:56:49,582 - INFO - Failed for B1344WIL
2024-06-01 14:56:49,587 - INFO - Failed for B1657JFS
2024-06-01 14:56:49,594 - INFO - Failed for B2720SRP
2024-06-01 14:56:49,603 - INFO - Failed for B1179CZQ
2024-06-01 14:56:49,611 - INFO - Failed for B8083DI
2024-06-01 14:56:49,618 - INFO - Failed for B2842SZX
2024-06-01 14:56:49,625 - INFO - Failed for B1080POT
2024-06-01 14:56:49,633 - INFO - Failed for B1034BYJ
2024-06-01 14:56:49,641 - INFO - Failed for B1694COZ
2024-06-01 14:56:49,649 - INFO - Failed for B1110UMC
2024-06-01 14:56:49,656 - INFO - Failed for B1517PIK
2024-06-01 14:56:49,664 - INFO - Failed for B1088UYD
2024-06-01 14:56:49,672 - INFO - Failed for B1584UKM
2024-06-01 14:56:49,679 - INFO - Failed for B1787BYA
2024-06-01 14:56:49,686 - INFO - Failed for B1705BFX
2024-06-01 14:56:49,692 - INFO - Failed for B2880BYV
2024-06-01 14:56:49,700 - INFO - Failed for B1671BOF
2024-06-01 14:56:49,707 - INFO - Failed for B1882BIE
2024-06-01 14:56:49,716 - INFO - Failed for B2498PZN
2024-06-01 14:56:49,724 - INFO - Failed for KT1281ZN
2024-06-01 14:56:49,733 - INFO - Failed for B1370BJP
2024-06-01 14:56:49,739 - INFO - Failed for B1563BJU
2024-06-01 14:56:49,747 - INFO - Failed for B1066CJD
2024-06-01 14:56:49,752 - INFO - Failed for B2559SXL
2024-06-01 14:56:49,759 - INFO - Failed for B1442SIX
2024-06-01 14:56:49,767 - INFO - Failed for B2695BZM
2024-06-01 14:56:49,775 - INFO - Failed for B2652BYB
2024-06-01 14:56:49,791 - INFO - Failed for B1012JFN
2024-06-01 14:56:49,799 - INFO - Failed for B1417PKO
2024-06-01 14:56:49,807 - INFO - Failed for B1027PIQ
2024-06-01 14:56:49,815 - INFO - Failed for B1027PIQ
2024-06-01 14:56:49,831 - INFO - Failed for B1107BOO
2024-06-01 14:56:49,839 - INFO - Failed for BG1443IW
2024-06-01 14:56:49,847 - INFO - Failed for B2883SZJ
2024-06-01 14:56:49,854 - INFO - Failed for B2739TOH
2024-06-01 14:56:49,859 - INFO - Failed for B2124BKB
2024-06-01 14:56:49,868 - INFO - Failed for B1027PIQ
2024-06-01 14:56:49,877 - INFO - Failed for B1523BIH
2024-06-01 14:56:49,885 - INFO - Failed for B515CJ
2024-06-01 14:56:49,894 - INFO - Failed for B2281SZM
2024-06-01 14:56:49,904 - INFO - Failed for B1067VMJ
2024-06-01 14:56:49,911 - INFO - Failed for B2658BOC
2024-06-01 14:56:49,921 - INFO - Failed for B2045UBN
2024-06-01 14:56:49,928 - INFO - Failed for B2658BOC
2024-06-01 14:56:49,936 - INFO - Failed for B2913BZI
2024-06-01 14:56:49,946 - INFO - Failed for B2023UKW
2024-06-01 14:56:49,956 - INFO - Failed for B2809BYE
2024-06-01 14:56:49,966 - INFO - Failed for H8890UL
2024-06-01 14:56:49,977 - INFO - Failed for H8890UL
2024-06-01 14:56:49,985 - INFO - Failed for B1926BRZ
2024-06-01 14:56:49,992 - INFO - Failed for B1869UOZ
2024-06-01 14:56:50,001 - INFO - Failed for B2668SZV
2024-06-01 14:56:50,008 - INFO - Failed for B77X
2024-06-01 14:56:50,017 - INFO - Failed for B1336JK
2024-06-01 14:56:50,025 - INFO - Failed for B1419FOF
2024-06-01 14:56:50,033 - INFO - Failed for B1859NYC
2024-06-01 14:56:50,040 - INFO - Failed for B1161TOR
2024-06-01 14:56:50,047 - INFO - Failed for B1034BYJ
2024-06-01 14:56:50,055 - INFO - Failed for B1224BZT
2024-06-01 14:56:50,063 - INFO - Failed for B2629TRW
2024-06-01 14:56:50,070 - INFO - Failed for B2109SRV
2024-06-01 14:56:50,078 - INFO - Failed for B1985BOV
2024-06-01 14:56:50,086 - INFO - Failed for B2131TYN
2024-06-01 14:56:50,092 - INFO - Failed for B2435PFN
2024-06-01 14:56:50,102 - INFO - Failed for B2448BKX
2024-06-01 14:56:50,112 - INFO - Failed for B1146VKW
2024-06-01 14:56:50,119 - INFO - Failed for B2744TZU
2024-06-01 14:56:50,130 - INFO - Failed for B2109BZQ
2024-06-01 14:56:50,138 - INFO - Failed for B2109BZQ
2024-06-01 14:56:50,146 - INFO - Failed for B1950VOV
2024-06-01 14:56:50,155 - INFO - Failed for B2548BYP
2024-06-01 14:56:50,162 - INFO - Failed for B2975BIO
2024-06-01 14:56:50,171 - INFO - Failed for B1959UKX
2024-06-01 14:56:50,179 - INFO - Failed for B2647BBM
2024-06-01 14:56:50,186 - INFO - Failed for B1959UKX
2024-06-01 14:56:50,195 - INFO - Failed for B1145VFR
2024-06-01 14:56:50,202 - INFO - Failed for B1662UZU
2024-06-01 14:56:50,211 - INFO - Failed for B1256NZP
2024-06-01 14:56:50,219 - INFO - Failed for B1256NZP
2024-06-01 14:56:50,228 - INFO - Failed for B1473WYI
2024-06-01 14:56:50,236 - INFO - Failed for B1792ZKQ
2024-06-01 14:56:50,244 - INFO - Failed for B1335BMF
2024-06-01 14:56:50,252 - INFO - Failed for BK1791ABX
2024-06-01 14:56:50,259 - INFO - Failed for B1560WIS
2024-06-01 14:56:50,267 - INFO - Failed for B9157ECC
2024-06-01 14:56:50,273 - INFO - Failed for B2845SFU
2024-06-01 14:56:50,280 - INFO - Failed for B9157ECC
2024-06-01 14:56:50,289 - INFO - Failed for B9362CCI
2024-06-01 14:56:50,299 - INFO - Failed for B1599SAI
2024-06-01 14:56:50,308 - INFO - Failed for B2580BRT
2024-06-01 14:56:50,316 - INFO - Failed for B1302HKP
2024-06-01 14:56:50,324 - INFO - Failed for B2921PBT
2024-06-01 14:56:50,332 - INFO - Failed for B2426TYY
2024-06-01 14:56:50,340 - INFO - Failed for B1889BJL
2024-06-01 14:56:50,351 - INFO - Failed for B1383UJP
2024-06-01 14:56:50,360 - INFO - Failed for B1523SI
2024-06-01 14:56:50,368 - INFO - Failed for B1041UIW
2024-06-01 14:56:50,378 - INFO - Failed for B1425NZA
2024-06-01 14:56:50,392 - INFO - Failed for B1996UIZ
2024-06-01 14:56:50,400 - INFO - Failed for B1065UIL
2024-06-01 14:56:50,410 - INFO - Failed for B2830BOQ
2024-06-01 14:56:50,419 - INFO - Failed for B2332TKX
2024-06-01 14:56:50,427 - INFO - Failed for B1125PRS
2024-06-01 14:56:50,435 - INFO - Failed for B1976JUS
2024-06-01 14:56:50,446 - INFO - Failed for B1730SVH
2024-06-01 14:56:50,456 - INFO - Failed for B1740HKI
2024-06-01 14:56:50,463 - INFO - Failed for B8MUA
2024-06-01 14:56:50,472 - INFO - Failed for B1891HFY
2024-06-01 14:56:50,478 - INFO - Failed for B7349CDA
2024-06-01 14:56:50,491 - INFO - Failed for B1171DKW
2024-06-01 14:56:50,501 - INFO - Failed for B2847BYR
2024-06-01 14:56:50,509 - INFO - Failed for B2672BBN
2024-06-01 14:56:50,517 - INFO - Failed for B2672BBN
2024-06-01 14:56:50,523 - INFO - Failed for B1902SIB
2024-06-01 14:56:50,531 - INFO - Failed for B1016BIR
2024-06-01 14:56:50,539 - INFO - Failed for B1615PJU
2024-06-01 14:56:50,546 - INFO - Failed for B2352POU
2024-06-01 14:56:50,555 - INFO - Failed for B2293UKO
2024-06-01 14:56:50,563 - INFO - Failed for B2857BYU
2024-06-01 14:56:50,572 - INFO - Failed for B2655UKJ
2024-06-01 14:56:50,581 - INFO - Failed for B2775BIR
2024-06-01 14:56:50,587 - INFO - Failed for B2434BKW
2024-06-01 14:56:50,596 - INFO - Failed for B2434BKW
2024-06-01 14:56:50,607 - INFO - Failed for B2582PKJ
2024-06-01 14:56:50,613 - INFO - Failed for B2582PKJ
2024-06-01 14:56:50,622 - INFO - Failed for B9173KSW
2024-06-01 14:56:50,630 - INFO - Failed for B19EMI
2024-06-01 14:56:50,638 - INFO - Failed for B2075BOZ
2024-06-01 14:56:50,646 - INFO - Failed for B1673VOG
2024-06-01 14:56:50,653 - INFO - Failed for D1606VCN
2024-06-01 14:56:50,661 - INFO - Failed for F1639FAI
2024-06-01 14:56:50,670 - INFO - Failed for B1812JFU
2024-06-01 14:56:50,682 - INFO - Failed for B2629TRW
2024-06-01 14:56:50,691 - INFO - Failed for B1989PYG
2024-06-01 14:56:50,703 - INFO - Failed for B2842SZX
2024-06-01 14:56:50,712 - INFO - Failed for B1110UMC
2024-06-01 14:56:50,723 - INFO - Failed for B2686UKC
2024-06-01 14:56:50,747 - INFO - Failed for B2986SFY
2024-06-01 14:56:50,754 - INFO - Failed for B2328BIU
2024-06-01 14:56:50,765 - INFO - Failed for B2880BYV
2024-06-01 14:56:50,772 - INFO - Failed for B1561EOW
2024-06-01 14:56:50,780 - INFO - Failed for B1199VKH
2024-06-01 14:56:50,788 - INFO - Failed for B1179CZQ
2024-06-01 14:56:50,796 - INFO - Failed for B1840PIO
2024-06-01 14:56:50,805 - INFO - Failed for B1485VOV
2024-06-01 14:56:50,814 - INFO - Failed for DK1066EV
2024-06-01 14:56:50,822 - INFO - Failed for B1638VJA
2024-06-01 14:56:50,829 - INFO - Failed for B744HJA
2024-06-01 14:56:50,836 - INFO - Failed for B1220BJW
2024-06-01 14:56:50,845 - INFO - Failed for B2366BBQ
2024-06-01 14:56:50,853 - INFO - Failed for B991NIC
2024-06-01 14:56:50,861 - INFO - Failed for B2652BYB
2024-06-01 14:56:50,871 - INFO - Failed for B1012JFN
2024-06-01 14:56:50,881 - INFO - Failed for B2140UKH
2024-06-01 14:56:50,890 - INFO - Failed for B2957BOV
2024-06-01 14:56:50,896 - INFO - Failed for B1067VMJ
2024-06-01 14:56:50,905 - INFO - Failed for B777GMI
2024-06-01 14:56:50,914 - INFO - Failed for B777GMI
2024-06-01 14:56:50,921 - INFO - Failed for B2791TIS
2024-06-01 14:56:50,928 - INFO - Failed for B2658BOC
2024-06-01 14:56:50,939 - INFO - Failed for B2913BZI
2024-06-01 14:56:50,946 - INFO - Failed for B2045UBN
2024-06-01 14:56:50,955 - INFO - Failed for B2913BZI
2024-06-01 14:56:50,968 - INFO - Failed for B1569UKR
2024-06-01 14:56:50,976 - INFO - Failed for B2809BYE
2024-06-01 14:56:50,986 - INFO - Failed for B1417NIK
2024-06-01 14:56:50,995 - INFO - Failed for B2761PBH
2024-06-01 14:56:51,005 - INFO - Failed for B1864BMF
2024-06-01 14:56:51,020 - INFO - Failed for B2952SZD
2024-06-01 14:56:51,032 - INFO - Failed for B1882BIE
2024-06-01 14:56:51,047 - INFO - Failed for B1882BIE
2024-06-01 14:56:51,059 - INFO - Failed for B1034BYJ
2024-06-01 14:56:51,068 - INFO - Failed for B1887JUY
2024-06-01 14:56:51,075 - INFO - Failed for B1985BOV
2024-06-01 14:56:51,086 - INFO - Failed for B2736TZO
2024-06-01 14:56:51,095 - INFO - Failed for B2658BYB
2024-06-01 14:56:51,103 - INFO - Failed for B1216UMG
2024-06-01 14:56:51,112 - INFO - Failed for B2052BOO
2024-06-01 14:56:51,119 - INFO - Failed for B2450SZX
2024-06-01 14:56:51,127 - INFO - Failed for B2109BZQ
2024-06-01 14:56:51,135 - INFO - Failed for F1499FAJ
2024-06-01 14:56:51,144 - INFO - Failed for B1959UKX
2024-06-01 14:56:51,151 - INFO - Failed for D1533OK
2024-06-01 14:56:51,159 - INFO - Failed for B1256NZP
2024-06-01 14:56:51,166 - INFO - Failed for B1256NZP
2024-06-01 14:56:51,173 - INFO - Failed for B2519TYP
2024-06-01 14:57:09,537 - INFO - searching B1236KZW
2024-06-01 14:57:11,004 - INFO - B1236KZW docs found!
2024-06-01 14:57:51,671 - INFO - searching B2291UZR
2024-06-01 14:57:53,017 - INFO - B2291UZR docs found!
2024-06-01 14:58:20,907 - INFO - searching B1236JFF
2024-06-01 14:58:22,664 - INFO - B1236JFF docs found!
2024-06-01 14:58:50,316 - INFO - Successfully logged in
2024-06-01 14:59:00,347 - INFO - Failed for B1587SER
2024-06-01 14:59:03,886 - INFO - searching B805FBI
2024-06-01 14:59:05,550 - INFO - B805FBI docs found!
2024-06-01 14:59:10,747 - INFO - Failed for B1920BGZ
2024-06-01 14:59:21,230 - INFO - Failed for B1657VMO
2024-06-01 14:59:31,240 - INFO - Failed for B1435BRL
2024-06-01 14:59:41,772 - INFO - Failed for B1103BMF
2024-06-01 14:59:55,564 - INFO - searching B1994WZE
2024-06-01 14:59:57,030 - INFO - B1994WZE docs found!
2024-06-01 15:00:39,876 - INFO - searching B2097SXO
2024-06-01 15:00:42,840 - INFO - B2097SXO docs found!
2024-06-01 15:01:14,394 - INFO - searching B1690WOQ
2024-06-01 15:01:44,554 - INFO - Failed for B1690WOQ
2024-06-01 15:01:45,089 - INFO - searching B747UKW
2024-06-01 15:01:46,615 - INFO - B747UKW docs found!
2024-06-01 15:02:36,198 - INFO - searching B1401UZZ
2024-06-01 15:02:37,723 - INFO - B1401UZZ docs found!
2024-06-01 15:03:10,523 - INFO - Failed for B1587SER
2024-06-01 15:03:12,755 - INFO - searching B1445BYU
2024-06-01 15:03:15,423 - INFO - B1445BYU docs found!
2024-06-01 15:03:46,651 - INFO - searching B1672NKV
2024-06-01 15:03:48,593 - INFO - B1672NKV docs found!
2024-06-01 15:04:19,542 - INFO - Successfully logged in
2024-06-01 15:04:30,062 - INFO - Failed for B1587SER
2024-06-01 15:04:39,141 - INFO - searching B2330BFT
2024-06-01 15:04:40,747 - INFO - B2330BFT docs found!
2024-06-01 15:05:19,654 - INFO - searching B2761PBH
2024-06-01 15:05:22,085 - INFO - B2761PBH docs found!
2024-06-01 15:06:19,659 - INFO - searching B1808UYV
2024-06-01 15:06:21,509 - INFO - B1808UYV docs found!
2024-06-01 15:06:54,763 - INFO - searching B2943SFH
2024-06-01 15:06:57,027 - INFO - B2943SFH docs found!
2024-06-01 15:07:51,136 - INFO - searching B2403UBQ
2024-06-01 15:07:54,185 - INFO - B2403UBQ docs found!
2024-06-01 15:08:19,784 - INFO - searching B708GYN
2024-06-01 15:08:22,660 - INFO - B708GYN docs found!
2024-06-01 15:09:03,771 - INFO - searching B1914ULP
2024-06-01 15:09:07,027 - INFO - B1914ULP docs found!
2024-06-01 15:10:02,018 - INFO - searching B2190BOT
2024-06-01 15:10:04,303 - INFO - B2190BOT docs found!
2024-06-01 15:10:31,667 - INFO - searching B2688UOB
2024-06-01 15:10:33,156 - INFO - B2688UOB docs found!
2024-06-01 15:11:03,131 - INFO - searching B2403UBQ
2024-06-01 15:11:04,364 - INFO - B2403UBQ docs found!
2024-06-01 15:11:04,495 - INFO - Failed for B2403UBQ
2024-06-01 15:11:05,026 - INFO - searching B2808DT
2024-06-01 15:11:07,323 - INFO - B2808DT docs found!
2024-06-01 15:11:42,902 - INFO - searching B1354SJB
2024-06-01 15:11:45,490 - INFO - B1354SJB docs found!
2024-06-01 15:12:32,494 - INFO - searching B1483VOV
2024-06-01 15:13:02,728 - INFO - Failed for B1483VOV
2024-06-01 15:13:03,285 - INFO - searching B2190BOT
2024-06-01 15:13:04,602 - INFO - B2190BOT docs found!
2024-06-01 15:13:04,742 - INFO - Failed for B2190BOT
2024-06-01 15:13:05,263 - INFO - searching B2047BRT
2024-06-01 15:13:06,416 - INFO - B2047BRT docs found!
2024-06-01 15:13:31,789 - INFO - searching B1830UZB
2024-06-01 15:13:33,410 - INFO - B1830UZB docs found!
2024-06-01 15:14:38,992 - INFO - searching B2259KK
2024-06-01 15:14:40,471 - INFO - B2259KK docs found!
2024-06-01 15:15:22,367 - INFO - searching B1289SLP
2024-06-01 15:15:23,597 - INFO - B1289SLP docs found!
2024-06-01 15:15:58,289 - INFO - searching B1108BOO
2024-06-01 15:15:59,657 - INFO - B1108BOO docs found!
2024-06-01 15:16:40,666 - INFO - searching B1699UZC
2024-06-01 15:16:42,450 - INFO - B1699UZC docs found!
2024-06-01 15:17:48,363 - INFO - searching B1198UKB
2024-06-01 15:17:49,840 - INFO - B1198UKB docs found!
2024-06-01 15:18:53,913 - INFO - searching A1395YW
2024-06-01 15:18:56,606 - INFO - A1395YW docs found!
2024-06-01 15:19:46,083 - INFO - searching B1276UIA
2024-06-01 15:19:47,722 - INFO - B1276UIA docs found!
2024-06-01 15:20:44,573 - INFO - searching B1484BRW
2024-06-01 15:20:45,786 - INFO - B1484BRW docs found!
2024-06-01 15:21:10,914 - INFO - searching B1269PJI
2024-06-01 15:21:41,212 - INFO - Failed for B1269PJI
2024-06-01 15:21:41,886 - INFO - searching B2492UBJ
2024-06-01 15:21:43,660 - INFO - B2492UBJ docs found!
2024-06-01 15:22:44,789 - INFO - searching B1074UZP
2024-06-01 15:22:46,674 - INFO - B1074UZP docs found!
2024-06-01 15:23:54,967 - INFO - searching B381GBK
2024-06-01 15:23:56,599 - INFO - B381GBK docs found!
2024-06-01 15:24:52,885 - INFO - searching B1405BJU
2024-06-01 15:24:54,579 - INFO - B1405BJU docs found!
